<?xml version="1.0" encoding="UTF-8"?>
<testsuite xmlns:xsi="http://www.w3.org/2001/XMLSchema-instance" xsi:noNamespaceSchemaLocation="https://maven.apache.org/surefire/maven-surefire-plugin/xsd/surefire-test-report.xsd" name="TestSuite" time="253.926" tests="12" errors="0" skipped="0" failures="1">
  <properties>
    <property name="sun.desktop" value="windows"/>
    <property name="awt.toolkit" value="sun.awt.windows.WToolkit"/>
    <property name="java.specification.version" value="11"/>
    <property name="sun.cpu.isalist" value="amd64"/>
    <property name="sun.jnu.encoding" value="Cp1252"/>
    <property name="java.class.path" value="D:\ProjectsDemo\caseysV1_Project\target\test-classes;D:\ProjectsDemo\caseysV1_Project\target\classes;C:\Users\SUJAN\.m2\repository\io\cucumber\cucumber-core\6.9.1\cucumber-core-6.9.1.jar;C:\Users\SUJAN\.m2\repository\io\cucumber\cucumber-gherkin\6.9.1\cucumber-gherkin-6.9.1.jar;C:\Users\SUJAN\.m2\repository\io\cucumber\cucumber-gherkin-messages\6.9.1\cucumber-gherkin-messages-6.9.1.jar;C:\Users\SUJAN\.m2\repository\io\cucumber\messages\13.2.1\messages-13.2.1.jar;C:\Users\SUJAN\.m2\repository\io\cucumber\tag-expressions\3.0.0\tag-expressions-3.0.0.jar;C:\Users\SUJAN\.m2\repository\io\cucumber\cucumber-expressions\10.3.0\cucumber-expressions-10.3.0.jar;C:\Users\SUJAN\.m2\repository\io\cucumber\datatable\3.5.0\datatable-3.5.0.jar;C:\Users\SUJAN\.m2\repository\io\cucumber\cucumber-plugin\6.9.1\cucumber-plugin-6.9.1.jar;C:\Users\SUJAN\.m2\repository\io\cucumber\docstring\6.9.1\docstring-6.9.1.jar;C:\Users\SUJAN\.m2\repository\io\cucumber\html-formatter\9.0.0\html-formatter-9.0.0.jar;C:\Users\SUJAN\.m2\repository\io\cucumber\create-meta\2.0.4\create-meta-2.0.4.jar;C:\Users\SUJAN\.m2\repository\org\apiguardian\apiguardian-api\1.1.0\apiguardian-api-1.1.0.jar;C:\Users\SUJAN\.m2\repository\io\cucumber\cucumber-picocontainer\6.9.1\cucumber-picocontainer-6.9.1.jar;C:\Users\SUJAN\.m2\repository\org\picocontainer\picocontainer\2.15\picocontainer-2.15.jar;C:\Users\SUJAN\.m2\repository\io\cucumber\cucumber-junit\6.9.1\cucumber-junit-6.9.1.jar;C:\Users\SUJAN\.m2\repository\io\cucumber\gherkin\5.1.0\gherkin-5.1.0.jar;C:\Users\SUJAN\.m2\repository\io\cucumber\gherkin-jvm-deps\1.0.4\gherkin-jvm-deps-1.0.4.jar;C:\Users\SUJAN\.m2\repository\io\cucumber\cucumber-html\0.2.7\cucumber-html-0.2.7.jar;C:\Users\SUJAN\.m2\repository\org\hamcrest\hamcrest-core\2.2\hamcrest-core-2.2.jar;C:\Users\SUJAN\.m2\repository\org\hamcrest\hamcrest\2.2\hamcrest-2.2.jar;C:\Users\SUJAN\.m2\repository\io\cucumber\cucumber-testng\6.9.1\cucumber-testng-6.9.1.jar;C:\Users\SUJAN\.m2\repository\net\masterthought\cucumber-reporting\5.5.2\cucumber-reporting-5.5.2.jar;C:\Users\SUJAN\.m2\repository\com\fasterxml\jackson\core\jackson-databind\2.12.1\jackson-databind-2.12.1.jar;C:\Users\SUJAN\.m2\repository\com\fasterxml\jackson\core\jackson-annotations\2.12.1\jackson-annotations-2.12.1.jar;C:\Users\SUJAN\.m2\repository\com\fasterxml\jackson\core\jackson-core\2.12.1\jackson-core-2.12.1.jar;C:\Users\SUJAN\.m2\repository\com\fasterxml\jackson\datatype\jackson-datatype-jsr310\2.12.1\jackson-datatype-jsr310-2.12.1.jar;C:\Users\SUJAN\.m2\repository\org\apache\velocity\velocity-engine-core\2.2\velocity-engine-core-2.2.jar;C:\Users\SUJAN\.m2\repository\commons-collections\commons-collections\3.2.2\commons-collections-3.2.2.jar;C:\Users\SUJAN\.m2\repository\joda-time\joda-time\2.10.9\joda-time-2.10.9.jar;C:\Users\SUJAN\.m2\repository\org\codehaus\plexus\plexus-utils\3.3.0\plexus-utils-3.3.0.jar;C:\Users\SUJAN\.m2\repository\org\jsoup\jsoup\1.13.1\jsoup-1.13.1.jar;C:\Users\SUJAN\.m2\repository\com\googlecode\owasp-java-html-sanitizer\owasp-java-html-sanitizer\20200713.1\owasp-java-html-sanitizer-20200713.1.jar;C:\Users\SUJAN\.m2\repository\commons-configuration\commons-configuration\1.10\commons-configuration-1.10.jar;C:\Users\SUJAN\.m2\repository\commons-lang\commons-lang\2.6\commons-lang-2.6.jar;C:\Users\SUJAN\.m2\repository\commons-logging\commons-logging\1.1.1\commons-logging-1.1.1.jar;C:\Users\SUJAN\.m2\repository\io\cucumber\cucumber-java\6.9.1\cucumber-java-6.9.1.jar;C:\Users\SUJAN\.m2\repository\junit\junit\4.11\junit-4.11.jar;C:\Users\SUJAN\.m2\repository\org\seleniumhq\selenium\selenium-java\3.141.59\selenium-java-3.141.59.jar;C:\Users\SUJAN\.m2\repository\org\seleniumhq\selenium\selenium-api\3.141.59\selenium-api-3.141.59.jar;C:\Users\SUJAN\.m2\repository\org\seleniumhq\selenium\selenium-chrome-driver\3.141.59\selenium-chrome-driver-3.141.59.jar;C:\Users\SUJAN\.m2\repository\org\seleniumhq\selenium\selenium-edge-driver\3.141.59\selenium-edge-driver-3.141.59.jar;C:\Users\SUJAN\.m2\repository\org\seleniumhq\selenium\selenium-firefox-driver\3.141.59\selenium-firefox-driver-3.141.59.jar;C:\Users\SUJAN\.m2\repository\org\seleniumhq\selenium\selenium-ie-driver\3.141.59\selenium-ie-driver-3.141.59.jar;C:\Users\SUJAN\.m2\repository\org\seleniumhq\selenium\selenium-opera-driver\3.141.59\selenium-opera-driver-3.141.59.jar;C:\Users\SUJAN\.m2\repository\org\seleniumhq\selenium\selenium-remote-driver\3.141.59\selenium-remote-driver-3.141.59.jar;C:\Users\SUJAN\.m2\repository\org\seleniumhq\selenium\selenium-safari-driver\3.141.59\selenium-safari-driver-3.141.59.jar;C:\Users\SUJAN\.m2\repository\org\seleniumhq\selenium\selenium-support\3.141.59\selenium-support-3.141.59.jar;C:\Users\SUJAN\.m2\repository\net\bytebuddy\byte-buddy\1.8.15\byte-buddy-1.8.15.jar;C:\Users\SUJAN\.m2\repository\org\apache\commons\commons-exec\1.3\commons-exec-1.3.jar;C:\Users\SUJAN\.m2\repository\com\google\guava\guava\25.0-jre\guava-25.0-jre.jar;C:\Users\SUJAN\.m2\repository\com\google\code\findbugs\jsr305\1.3.9\jsr305-1.3.9.jar;C:\Users\SUJAN\.m2\repository\org\checkerframework\checker-compat-qual\2.0.0\checker-compat-qual-2.0.0.jar;C:\Users\SUJAN\.m2\repository\com\google\errorprone\error_prone_annotations\2.1.3\error_prone_annotations-2.1.3.jar;C:\Users\SUJAN\.m2\repository\com\google\j2objc\j2objc-annotations\1.1\j2objc-annotations-1.1.jar;C:\Users\SUJAN\.m2\repository\org\codehaus\mojo\animal-sniffer-annotations\1.14\animal-sniffer-annotations-1.14.jar;C:\Users\SUJAN\.m2\repository\com\squareup\okhttp3\okhttp\3.11.0\okhttp-3.11.0.jar;C:\Users\SUJAN\.m2\repository\com\squareup\okio\okio\1.14.0\okio-1.14.0.jar;C:\Users\SUJAN\.m2\repository\org\testng\testng\7.3.0\testng-7.3.0.jar;C:\Users\SUJAN\.m2\repository\com\beust\jcommander\1.78\jcommander-1.78.jar;C:\Users\SUJAN\.m2\repository\org\apache\ant\ant\1.10.3\ant-1.10.3.jar;C:\Users\SUJAN\.m2\repository\org\apache\ant\ant-launcher\1.10.3\ant-launcher-1.10.3.jar;C:\Users\SUJAN\.m2\repository\com\google\inject\guice\4.2.2\guice-4.2.2-no_aop.jar;C:\Users\SUJAN\.m2\repository\javax\inject\javax.inject\1\javax.inject-1.jar;C:\Users\SUJAN\.m2\repository\aopalliance\aopalliance\1.0\aopalliance-1.0.jar;C:\Users\SUJAN\.m2\repository\org\yaml\snakeyaml\1.21\snakeyaml-1.21.jar;C:\Users\SUJAN\.m2\repository\org\apache\poi\poi\4.1.2\poi-4.1.2.jar;C:\Users\SUJAN\.m2\repository\commons-codec\commons-codec\1.13\commons-codec-1.13.jar;C:\Users\SUJAN\.m2\repository\org\apache\commons\commons-collections4\4.4\commons-collections4-4.4.jar;C:\Users\SUJAN\.m2\repository\org\apache\commons\commons-math3\3.6.1\commons-math3-3.6.1.jar;C:\Users\SUJAN\.m2\repository\com\zaxxer\SparseBitSet\1.2\SparseBitSet-1.2.jar;C:\Users\SUJAN\.m2\repository\org\apache\poi\poi-ooxml\4.1.2\poi-ooxml-4.1.2.jar;C:\Users\SUJAN\.m2\repository\org\apache\commons\commons-compress\1.19\commons-compress-1.19.jar;C:\Users\SUJAN\.m2\repository\com\github\virtuald\curvesapi\1.06\curvesapi-1.06.jar;C:\Users\SUJAN\.m2\repository\org\apache\poi\poi-ooxml-schemas\4.1.2\poi-ooxml-schemas-4.1.2.jar;C:\Users\SUJAN\.m2\repository\org\apache\xmlbeans\xmlbeans\3.1.0\xmlbeans-3.1.0.jar;C:\Users\SUJAN\.m2\repository\dom4j\dom4j\1.6.1\dom4j-1.6.1.jar;C:\Users\SUJAN\.m2\repository\xml-apis\xml-apis\1.0.b2\xml-apis-1.0.b2.jar;C:\Users\SUJAN\.m2\repository\io\github\bonigarcia\webdrivermanager\4.2.2\webdrivermanager-4.2.2.jar;C:\Users\SUJAN\.m2\repository\org\slf4j\slf4j-api\1.7.30\slf4j-api-1.7.30.jar;C:\Users\SUJAN\.m2\repository\com\google\code\gson\gson\2.8.6\gson-2.8.6.jar;C:\Users\SUJAN\.m2\repository\org\apache\httpcomponents\client5\httpclient5\5.0.1\httpclient5-5.0.1.jar;C:\Users\SUJAN\.m2\repository\org\apache\httpcomponents\core5\httpcore5\5.0.1\httpcore5-5.0.1.jar;C:\Users\SUJAN\.m2\repository\org\apache\httpcomponents\core5\httpcore5-h2\5.0.1\httpcore5-h2-5.0.1.jar;C:\Users\SUJAN\.m2\repository\org\rauschig\jarchivelib\1.1.0\jarchivelib-1.1.0.jar;C:\Users\SUJAN\.m2\repository\com\aventstack\extentreports\5.0.6\extentreports-5.0.6.jar;C:\Users\SUJAN\.m2\repository\io\reactivex\rxjava3\rxjava\3.0.4\rxjava-3.0.4.jar;C:\Users\SUJAN\.m2\repository\org\reactivestreams\reactive-streams\1.0.3\reactive-streams-1.0.3.jar;C:\Users\SUJAN\.m2\repository\org\freemarker\freemarker\2.3.30\freemarker-2.3.30.jar;C:\Users\SUJAN\.m2\repository\org\projectlombok\lombok\1.18.12\lombok-1.18.12.jar;C:\Users\SUJAN\.m2\repository\log4j\log4j\1.2.17\log4j-1.2.17.jar;C:\Users\SUJAN\.m2\repository\org\apache\commons\commons-lang3\3.11\commons-lang3-3.11.jar;C:\Users\SUJAN\.m2\repository\commons-io\commons-io\2.8.0\commons-io-2.8.0.jar;C:\Users\SUJAN\.m2\repository\org\sikuli\sikuli-api\1.2.0\sikuli-api-1.2.0.jar;C:\Users\SUJAN\.m2\repository\org\sikuli\sikuli-core\1.2.2\sikuli-core-1.2.2.jar;C:\Users\SUJAN\.m2\repository\org\bytedeco\javacpp\0.9\javacpp-0.9.jar;C:\Users\SUJAN\.m2\repository\org\bytedeco\javacpp-presets\opencv\2.4.9-0.9\opencv-2.4.9-0.9.jar;C:\Users\SUJAN\.m2\repository\org\piccolo2d\piccolo2d-extras\1.3.1\piccolo2d-extras-1.3.1.jar;C:\Users\SUJAN\.m2\repository\org\piccolo2d\piccolo2d-core\1.3.1\piccolo2d-core-1.3.1.jar;"/>
    <property name="java.vm.vendor" value="Amazon.com Inc."/>
    <property name="sun.arch.data.model" value="64"/>
    <property name="user.variant" value=""/>
    <property name="java.vendor.url" value="https://aws.amazon.com/corretto/"/>
    <property name="user.timezone" value="America/Los_Angeles"/>
    <property name="java.vm.specification.version" value="11"/>
    <property name="os.name" value="Windows 10"/>
    <property name="sun.java.launcher" value="SUN_STANDARD"/>
    <property name="user.country" value="US"/>
    <property name="sun.boot.library.path" value="C:\Program Files\Amazon Corretto\jdk11.0.8_10\bin"/>
    <property name="sun.java.command" value="C:\Users\SUJAN\AppData\Local\Temp\surefire8462510775019894083\surefirebooter3430187091376008115.jar C:\Users\SUJAN\AppData\Local\Temp\surefire8462510775019894083 2021-02-12T13-04-34_191-jvmRun1 surefire6960673104594034144tmp surefire_013841443607512917705tmp"/>
    <property name="jdk.debug" value="release"/>
    <property name="surefire.test.class.path" value="D:\ProjectsDemo\caseysV1_Project\target\test-classes;D:\ProjectsDemo\caseysV1_Project\target\classes;C:\Users\SUJAN\.m2\repository\io\cucumber\cucumber-core\6.9.1\cucumber-core-6.9.1.jar;C:\Users\SUJAN\.m2\repository\io\cucumber\cucumber-gherkin\6.9.1\cucumber-gherkin-6.9.1.jar;C:\Users\SUJAN\.m2\repository\io\cucumber\cucumber-gherkin-messages\6.9.1\cucumber-gherkin-messages-6.9.1.jar;C:\Users\SUJAN\.m2\repository\io\cucumber\messages\13.2.1\messages-13.2.1.jar;C:\Users\SUJAN\.m2\repository\io\cucumber\tag-expressions\3.0.0\tag-expressions-3.0.0.jar;C:\Users\SUJAN\.m2\repository\io\cucumber\cucumber-expressions\10.3.0\cucumber-expressions-10.3.0.jar;C:\Users\SUJAN\.m2\repository\io\cucumber\datatable\3.5.0\datatable-3.5.0.jar;C:\Users\SUJAN\.m2\repository\io\cucumber\cucumber-plugin\6.9.1\cucumber-plugin-6.9.1.jar;C:\Users\SUJAN\.m2\repository\io\cucumber\docstring\6.9.1\docstring-6.9.1.jar;C:\Users\SUJAN\.m2\repository\io\cucumber\html-formatter\9.0.0\html-formatter-9.0.0.jar;C:\Users\SUJAN\.m2\repository\io\cucumber\create-meta\2.0.4\create-meta-2.0.4.jar;C:\Users\SUJAN\.m2\repository\org\apiguardian\apiguardian-api\1.1.0\apiguardian-api-1.1.0.jar;C:\Users\SUJAN\.m2\repository\io\cucumber\cucumber-picocontainer\6.9.1\cucumber-picocontainer-6.9.1.jar;C:\Users\SUJAN\.m2\repository\org\picocontainer\picocontainer\2.15\picocontainer-2.15.jar;C:\Users\SUJAN\.m2\repository\io\cucumber\cucumber-junit\6.9.1\cucumber-junit-6.9.1.jar;C:\Users\SUJAN\.m2\repository\io\cucumber\gherkin\5.1.0\gherkin-5.1.0.jar;C:\Users\SUJAN\.m2\repository\io\cucumber\gherkin-jvm-deps\1.0.4\gherkin-jvm-deps-1.0.4.jar;C:\Users\SUJAN\.m2\repository\io\cucumber\cucumber-html\0.2.7\cucumber-html-0.2.7.jar;C:\Users\SUJAN\.m2\repository\org\hamcrest\hamcrest-core\2.2\hamcrest-core-2.2.jar;C:\Users\SUJAN\.m2\repository\org\hamcrest\hamcrest\2.2\hamcrest-2.2.jar;C:\Users\SUJAN\.m2\repository\io\cucumber\cucumber-testng\6.9.1\cucumber-testng-6.9.1.jar;C:\Users\SUJAN\.m2\repository\net\masterthought\cucumber-reporting\5.5.2\cucumber-reporting-5.5.2.jar;C:\Users\SUJAN\.m2\repository\com\fasterxml\jackson\core\jackson-databind\2.12.1\jackson-databind-2.12.1.jar;C:\Users\SUJAN\.m2\repository\com\fasterxml\jackson\core\jackson-annotations\2.12.1\jackson-annotations-2.12.1.jar;C:\Users\SUJAN\.m2\repository\com\fasterxml\jackson\core\jackson-core\2.12.1\jackson-core-2.12.1.jar;C:\Users\SUJAN\.m2\repository\com\fasterxml\jackson\datatype\jackson-datatype-jsr310\2.12.1\jackson-datatype-jsr310-2.12.1.jar;C:\Users\SUJAN\.m2\repository\org\apache\velocity\velocity-engine-core\2.2\velocity-engine-core-2.2.jar;C:\Users\SUJAN\.m2\repository\commons-collections\commons-collections\3.2.2\commons-collections-3.2.2.jar;C:\Users\SUJAN\.m2\repository\joda-time\joda-time\2.10.9\joda-time-2.10.9.jar;C:\Users\SUJAN\.m2\repository\org\codehaus\plexus\plexus-utils\3.3.0\plexus-utils-3.3.0.jar;C:\Users\SUJAN\.m2\repository\org\jsoup\jsoup\1.13.1\jsoup-1.13.1.jar;C:\Users\SUJAN\.m2\repository\com\googlecode\owasp-java-html-sanitizer\owasp-java-html-sanitizer\20200713.1\owasp-java-html-sanitizer-20200713.1.jar;C:\Users\SUJAN\.m2\repository\commons-configuration\commons-configuration\1.10\commons-configuration-1.10.jar;C:\Users\SUJAN\.m2\repository\commons-lang\commons-lang\2.6\commons-lang-2.6.jar;C:\Users\SUJAN\.m2\repository\commons-logging\commons-logging\1.1.1\commons-logging-1.1.1.jar;C:\Users\SUJAN\.m2\repository\io\cucumber\cucumber-java\6.9.1\cucumber-java-6.9.1.jar;C:\Users\SUJAN\.m2\repository\junit\junit\4.11\junit-4.11.jar;C:\Users\SUJAN\.m2\repository\org\seleniumhq\selenium\selenium-java\3.141.59\selenium-java-3.141.59.jar;C:\Users\SUJAN\.m2\repository\org\seleniumhq\selenium\selenium-api\3.141.59\selenium-api-3.141.59.jar;C:\Users\SUJAN\.m2\repository\org\seleniumhq\selenium\selenium-chrome-driver\3.141.59\selenium-chrome-driver-3.141.59.jar;C:\Users\SUJAN\.m2\repository\org\seleniumhq\selenium\selenium-edge-driver\3.141.59\selenium-edge-driver-3.141.59.jar;C:\Users\SUJAN\.m2\repository\org\seleniumhq\selenium\selenium-firefox-driver\3.141.59\selenium-firefox-driver-3.141.59.jar;C:\Users\SUJAN\.m2\repository\org\seleniumhq\selenium\selenium-ie-driver\3.141.59\selenium-ie-driver-3.141.59.jar;C:\Users\SUJAN\.m2\repository\org\seleniumhq\selenium\selenium-opera-driver\3.141.59\selenium-opera-driver-3.141.59.jar;C:\Users\SUJAN\.m2\repository\org\seleniumhq\selenium\selenium-remote-driver\3.141.59\selenium-remote-driver-3.141.59.jar;C:\Users\SUJAN\.m2\repository\org\seleniumhq\selenium\selenium-safari-driver\3.141.59\selenium-safari-driver-3.141.59.jar;C:\Users\SUJAN\.m2\repository\org\seleniumhq\selenium\selenium-support\3.141.59\selenium-support-3.141.59.jar;C:\Users\SUJAN\.m2\repository\net\bytebuddy\byte-buddy\1.8.15\byte-buddy-1.8.15.jar;C:\Users\SUJAN\.m2\repository\org\apache\commons\commons-exec\1.3\commons-exec-1.3.jar;C:\Users\SUJAN\.m2\repository\com\google\guava\guava\25.0-jre\guava-25.0-jre.jar;C:\Users\SUJAN\.m2\repository\com\google\code\findbugs\jsr305\1.3.9\jsr305-1.3.9.jar;C:\Users\SUJAN\.m2\repository\org\checkerframework\checker-compat-qual\2.0.0\checker-compat-qual-2.0.0.jar;C:\Users\SUJAN\.m2\repository\com\google\errorprone\error_prone_annotations\2.1.3\error_prone_annotations-2.1.3.jar;C:\Users\SUJAN\.m2\repository\com\google\j2objc\j2objc-annotations\1.1\j2objc-annotations-1.1.jar;C:\Users\SUJAN\.m2\repository\org\codehaus\mojo\animal-sniffer-annotations\1.14\animal-sniffer-annotations-1.14.jar;C:\Users\SUJAN\.m2\repository\com\squareup\okhttp3\okhttp\3.11.0\okhttp-3.11.0.jar;C:\Users\SUJAN\.m2\repository\com\squareup\okio\okio\1.14.0\okio-1.14.0.jar;C:\Users\SUJAN\.m2\repository\org\testng\testng\7.3.0\testng-7.3.0.jar;C:\Users\SUJAN\.m2\repository\com\beust\jcommander\1.78\jcommander-1.78.jar;C:\Users\SUJAN\.m2\repository\org\apache\ant\ant\1.10.3\ant-1.10.3.jar;C:\Users\SUJAN\.m2\repository\org\apache\ant\ant-launcher\1.10.3\ant-launcher-1.10.3.jar;C:\Users\SUJAN\.m2\repository\com\google\inject\guice\4.2.2\guice-4.2.2-no_aop.jar;C:\Users\SUJAN\.m2\repository\javax\inject\javax.inject\1\javax.inject-1.jar;C:\Users\SUJAN\.m2\repository\aopalliance\aopalliance\1.0\aopalliance-1.0.jar;C:\Users\SUJAN\.m2\repository\org\yaml\snakeyaml\1.21\snakeyaml-1.21.jar;C:\Users\SUJAN\.m2\repository\org\apache\poi\poi\4.1.2\poi-4.1.2.jar;C:\Users\SUJAN\.m2\repository\commons-codec\commons-codec\1.13\commons-codec-1.13.jar;C:\Users\SUJAN\.m2\repository\org\apache\commons\commons-collections4\4.4\commons-collections4-4.4.jar;C:\Users\SUJAN\.m2\repository\org\apache\commons\commons-math3\3.6.1\commons-math3-3.6.1.jar;C:\Users\SUJAN\.m2\repository\com\zaxxer\SparseBitSet\1.2\SparseBitSet-1.2.jar;C:\Users\SUJAN\.m2\repository\org\apache\poi\poi-ooxml\4.1.2\poi-ooxml-4.1.2.jar;C:\Users\SUJAN\.m2\repository\org\apache\commons\commons-compress\1.19\commons-compress-1.19.jar;C:\Users\SUJAN\.m2\repository\com\github\virtuald\curvesapi\1.06\curvesapi-1.06.jar;C:\Users\SUJAN\.m2\repository\org\apache\poi\poi-ooxml-schemas\4.1.2\poi-ooxml-schemas-4.1.2.jar;C:\Users\SUJAN\.m2\repository\org\apache\xmlbeans\xmlbeans\3.1.0\xmlbeans-3.1.0.jar;C:\Users\SUJAN\.m2\repository\dom4j\dom4j\1.6.1\dom4j-1.6.1.jar;C:\Users\SUJAN\.m2\repository\xml-apis\xml-apis\1.0.b2\xml-apis-1.0.b2.jar;C:\Users\SUJAN\.m2\repository\io\github\bonigarcia\webdrivermanager\4.2.2\webdrivermanager-4.2.2.jar;C:\Users\SUJAN\.m2\repository\org\slf4j\slf4j-api\1.7.30\slf4j-api-1.7.30.jar;C:\Users\SUJAN\.m2\repository\com\google\code\gson\gson\2.8.6\gson-2.8.6.jar;C:\Users\SUJAN\.m2\repository\org\apache\httpcomponents\client5\httpclient5\5.0.1\httpclient5-5.0.1.jar;C:\Users\SUJAN\.m2\repository\org\apache\httpcomponents\core5\httpcore5\5.0.1\httpcore5-5.0.1.jar;C:\Users\SUJAN\.m2\repository\org\apache\httpcomponents\core5\httpcore5-h2\5.0.1\httpcore5-h2-5.0.1.jar;C:\Users\SUJAN\.m2\repository\org\rauschig\jarchivelib\1.1.0\jarchivelib-1.1.0.jar;C:\Users\SUJAN\.m2\repository\com\aventstack\extentreports\5.0.6\extentreports-5.0.6.jar;C:\Users\SUJAN\.m2\repository\io\reactivex\rxjava3\rxjava\3.0.4\rxjava-3.0.4.jar;C:\Users\SUJAN\.m2\repository\org\reactivestreams\reactive-streams\1.0.3\reactive-streams-1.0.3.jar;C:\Users\SUJAN\.m2\repository\org\freemarker\freemarker\2.3.30\freemarker-2.3.30.jar;C:\Users\SUJAN\.m2\repository\org\projectlombok\lombok\1.18.12\lombok-1.18.12.jar;C:\Users\SUJAN\.m2\repository\log4j\log4j\1.2.17\log4j-1.2.17.jar;C:\Users\SUJAN\.m2\repository\org\apache\commons\commons-lang3\3.11\commons-lang3-3.11.jar;C:\Users\SUJAN\.m2\repository\commons-io\commons-io\2.8.0\commons-io-2.8.0.jar;C:\Users\SUJAN\.m2\repository\org\sikuli\sikuli-api\1.2.0\sikuli-api-1.2.0.jar;C:\Users\SUJAN\.m2\repository\org\sikuli\sikuli-core\1.2.2\sikuli-core-1.2.2.jar;C:\Users\SUJAN\.m2\repository\org\bytedeco\javacpp\0.9\javacpp-0.9.jar;C:\Users\SUJAN\.m2\repository\org\bytedeco\javacpp-presets\opencv\2.4.9-0.9\opencv-2.4.9-0.9.jar;C:\Users\SUJAN\.m2\repository\org\piccolo2d\piccolo2d-extras\1.3.1\piccolo2d-extras-1.3.1.jar;C:\Users\SUJAN\.m2\repository\org\piccolo2d\piccolo2d-core\1.3.1\piccolo2d-core-1.3.1.jar;"/>
    <property name="sun.cpu.endian" value="little"/>
    <property name="user.home" value="C:\Users\SUJAN"/>
    <property name="user.language" value="en"/>
    <property name="java.specification.vendor" value="Oracle Corporation"/>
    <property name="java.version.date" value="2020-07-14"/>
    <property name="java.home" value="C:\Program Files\Amazon Corretto\jdk11.0.8_10"/>
    <property name="file.separator" value="\"/>
    <property name="basedir" value="D:\ProjectsDemo\caseysV1_Project"/>
    <property name="java.vm.compressedOopsMode" value="Zero based"/>
    <property name="line.separator" value="&#10;"/>
    <property name="java.specification.name" value="Java Platform API Specification"/>
    <property name="java.vm.specification.vendor" value="Oracle Corporation"/>
    <property name="java.awt.graphicsenv" value="sun.awt.Win32GraphicsEnvironment"/>
    <property name="surefire.real.class.path" value="C:\Users\SUJAN\AppData\Local\Temp\surefire8462510775019894083\surefirebooter3430187091376008115.jar"/>
    <property name="user.script" value=""/>
    <property name="sun.management.compiler" value="HotSpot 64-Bit Tiered Compilers"/>
    <property name="java.runtime.version" value="11.0.8+10-LTS"/>
    <property name="user.name" value="SUJAN"/>
    <property name="path.separator" value=";"/>
    <property name="os.version" value="10.0"/>
    <property name="java.runtime.name" value="OpenJDK Runtime Environment"/>
    <property name="file.encoding" value="Cp1252"/>
    <property name="java.vm.name" value="OpenJDK 64-Bit Server VM"/>
    <property name="java.vendor.version" value="Corretto-11.0.8.10.1"/>
    <property name="localRepository" value="C:\Users\SUJAN\.m2\repository"/>
    <property name="java.vendor.url.bug" value="https://github.com/corretto/corretto-11/issues/"/>
    <property name="java.io.tmpdir" value="C:\Users\SUJAN\AppData\Local\Temp\"/>
    <property name="java.version" value="11.0.8"/>
    <property name="user.dir" value="D:\ProjectsDemo\caseysV1_Project"/>
    <property name="os.arch" value="amd64"/>
    <property name="java.vm.specification.name" value="Java Virtual Machine Specification"/>
    <property name="java.awt.printerjob" value="sun.awt.windows.WPrinterJob"/>
    <property name="sun.os.patch.level" value=""/>
    <property name="java.library.path" value="C:\Program Files\Amazon Corretto\jdk11.0.8_10\bin;C:\WINDOWS\Sun\Java\bin;C:\WINDOWS\system32;C:\WINDOWS;C:/Program Files/Amazon Corretto/jdk11.0.8_10/bin/server;C:/Program Files/Amazon Corretto/jdk11.0.8_10/bin;C:\Python39\Scripts\;C:\Python39\;C:\Program Files\Amazon Corretto\jdk11.0.8_10\bin;C:\Program Files (x86)\Common Files\Oracle\Java\javapath;C:\WINDOWS\system32;C:\WINDOWS;C:\WINDOWS\System32\Wbem;C:\WINDOWS\System32\WindowsPowerShell\v1.0\;C:\WINDOWS\System32\OpenSSH\;C:\Program Files (x86)\Intel\Intel(R) Management Engine Components\DAL;C:\Program Files\Intel\Intel(R) Management Engine Components\DAL;C:\Program Files (x86)\AOMEI\AOMEI Backupper 5.8.0;C:\Program Files\dotnet\;C:\Program Files\nodejs\;C:\ProgramData\chocolatey\bin;C:\Program Files\Git\cmd;C:\Program Files\Amazon Corretto\jdk11.0.8_10\bin;D:\Selenium Prerequisite\apache-maven-3.6.3-bin\apache-maven-3.6.3\\bin;D:\Selenium Prerequisite\apache-maven-3.6.3-bin\apache-maven-3.6.3\\bin;C:\Program Files\MySQL\MySQL Shell 8.0\bin\;C:\Users\SUJAN\AppData\Local\Microsoft\WindowsApps;C:\Users\SUJAN\.dotnet\tools;C:\Users\SUJAN\AppData\Roaming\npm;C:\eclipse;;."/>
    <property name="java.vm.info" value="mixed mode"/>
    <property name="java.vendor" value="Amazon.com Inc."/>
    <property name="java.vm.version" value="11.0.8+10-LTS"/>
    <property name="sun.io.unicode.encoding" value="UnicodeLittle"/>
    <property name="java.class.version" value="55.0"/>
  </properties>
  <testcase name="clickingonPizza" classname="com.caseys.testCases.TC_001_SelectingPizzaTest" time="2.699"/>
  <testcase name="clickingOnCreateYourOwnPizza" classname="com.caseys.testCases.TC_002_SelectCreateOwnPizzaTest" time="5.089"/>
  <testcase name="selectingQtyOfPizzaTest" classname="com.caseys.testCases.TC_003_SelectingQtyOfPizzaTest" time="5.051"/>
  <testcase name="selectingQualityOfPizzaTest" classname="com.caseys.testCases.TC_004_SelectingQualOfPizzaTest" time="5.027"/>
  <testcase name="creatingOwnPizzaTest" classname="com.caseys.testCases.TC_005_SelectingSizeOfPizzaTest" time="9.207"/>
  <testcase name="selectionOfSauceTest" classname="com.caseys.testCases.TC_006_SelectionOfSauceTest" time="5.977"/>
  <testcase name="selectionOfCheeseTest" classname="com.caseys.testCases.TC_007_SelectionOfCheeseTest" time="8.006"/>
  <testcase name="selectionOfMeatsTest" classname="com.caseys.testCases.TC_008_SelectionOfMeatsTest" time="8.439"/>
  <testcase name="selectionOfVeggiesTest" classname="com.caseys.testCases.TC_009_SelectionOfVeggiesTest" time="9.51"/>
  <testcase name="selectionOfEspInsTest" classname="com.caseys.testCases.TC_010_SelectionOfEspInsTest" time="8.703"/>
  <testcase name="choosingOrderAsPickUpTest" classname="com.caseys.testCases.TC_011_ChoosingOrderAsPickupTest" time="12.777"/>
  <testcase name="orderCustomizePizzaTest" classname="com.caseys.testCases.TC_012_OrderCustomizePizzaTest" time="19.918">
    <failure message="no such element: Unable to locate element: {&quot;method&quot;:&quot;xpath&quot;,&quot;selector&quot;:&quot;/html/body/div[2]/section/div[2]/div[2]/div/div/div/div/div[1]/div/div[2]/div[1]/div/div/div[1]/div/div/div[2]/button&quot;}&#10;  (Session info: chrome=88.0.4324.150)&#10;For documentation on this error, please visit: https://www.seleniumhq.org/exceptions/no_such_element.html&#10;Build info: version: &apos;3.141.59&apos;, revision: &apos;e82be7d358&apos;, time: &apos;2018-11-14T08:17:03&apos;&#10;System info: host: &apos;SUJAN-M&apos;, ip: &apos;10.0.0.11&apos;, os.name: &apos;Windows 10&apos;, os.arch: &apos;amd64&apos;, os.version: &apos;10.0&apos;, java.version: &apos;11.0.8&apos;&#10;Driver info: org.openqa.selenium.chrome.ChromeDriver&#10;Capabilities {acceptInsecureCerts: false, browserName: chrome, browserVersion: 88.0.4324.150, chrome: {chromedriverVersion: 88.0.4324.96 (68dba2d8a0b14..., userDataDir: C:\Users\SUJAN\AppData\Loca...}, goog:chromeOptions: {debuggerAddress: localhost:60243}, javascriptEnabled: true, networkConnectionEnabled: false, pageLoadStrategy: normal, platform: WINDOWS, platformName: WINDOWS, proxy: Proxy(), setWindowRect: true, strictFileInteractability: false, timeouts: {implicit: 0, pageLoad: 300000, script: 30000}, unhandledPromptBehavior: dismiss and notify, webauthn:extension:largeBlob: true, webauthn:virtualAuthenticators: true}&#10;Session ID: af4e5c65c72c406a653761e1dc5deae3&#10;*** Element info: {Using=xpath, value=/html/body/div[2]/section/div[2]/div[2]/div/div/div/div/div[1]/div/div[2]/div[1]/div/div/div[1]/div/div/div[2]/button}" type="org.openqa.selenium.NoSuchElementException">org.openqa.selenium.NoSuchElementException: 
no such element: Unable to locate element: {"method":"xpath","selector":"/html/body/div[2]/section/div[2]/div[2]/div/div/div/div/div[1]/div/div[2]/div[1]/div/div/div[1]/div/div/div[2]/button"}
  (Session info: chrome=88.0.4324.150)
For documentation on this error, please visit: https://www.seleniumhq.org/exceptions/no_such_element.html
Build info: version: '3.141.59', revision: 'e82be7d358', time: '2018-11-14T08:17:03'
System info: host: 'SUJAN-M', ip: '10.0.0.11', os.name: 'Windows 10', os.arch: 'amd64', os.version: '10.0', java.version: '11.0.8'
Driver info: org.openqa.selenium.chrome.ChromeDriver
Capabilities {acceptInsecureCerts: false, browserName: chrome, browserVersion: 88.0.4324.150, chrome: {chromedriverVersion: 88.0.4324.96 (68dba2d8a0b14..., userDataDir: C:\Users\SUJAN\AppData\Loca...}, goog:chromeOptions: {debuggerAddress: localhost:60243}, javascriptEnabled: true, networkConnectionEnabled: false, pageLoadStrategy: normal, platform: WINDOWS, platformName: WINDOWS, proxy: Proxy(), setWindowRect: true, strictFileInteractability: false, timeouts: {implicit: 0, pageLoad: 300000, script: 30000}, unhandledPromptBehavior: dismiss and notify, webauthn:extension:largeBlob: true, webauthn:virtualAuthenticators: true}
Session ID: af4e5c65c72c406a653761e1dc5deae3
*** Element info: {Using=xpath, value=/html/body/div[2]/section/div[2]/div[2]/div/div/div/div/div[1]/div/div[2]/div[1]/div/div/div[1]/div/div/div[2]/button}
	at com.caseys.testCases.TC_012_OrderCustomizePizzaTest.orderCustomizePizzaTest(TC_012_OrderCustomizePizzaTest.java:59)
</failure>
    <system-out><![CDATA[INFO    2021-02-12 13:08:15,632 [main] com.caseys.base.BaseTest  - Test Execution has started!!!
INFO    2021-02-12 13:08:15,634 [main] com.caseys.base.BaseTest  - Config file has been loaded!
INFO    2021-02-12 13:08:17,133 [main] com.caseys.base.BaseTest  - Chrome has been launched!!
INFO    2021-02-12 13:08:27,372 [main] com.caseys.base.BaseTest  - Navigated to: https://www.caseys.com/
INFO    2021-02-12 13:08:27,508 [main] com.caseys.base.BaseTest  - Window has been maximized
INFO    2021-02-12 13:08:27,739 [main] com.caseys.base.BaseTest  - Mouse Hover to Menu
INFO    2021-02-12 13:08:31,605 [main] com.caseys.base.BaseTest  - Clicking on Create Your Own Pizza after clicking on Pizza!!
INFO    2021-02-12 13:08:31,605 [main] com.caseys.base.BaseTest  - Selecting the quantity
INFO    2021-02-12 13:08:32,617 [main] com.caseys.base.BaseTest  - Selected the quantity
INFO    2021-02-12 13:08:32,746 [main] com.caseys.base.BaseTest  - Selected the quality
INFO    2021-02-12 13:08:32,972 [main] com.caseys.base.BaseTest  - Selected the size
INFO    2021-02-12 13:08:33,292 [main] com.caseys.base.BaseTest  - Selecting Sauce Marinara and light
INFO    2021-02-12 13:08:33,456 [main] com.caseys.base.BaseTest  - Selecting Cheese and Regular
INFO    2021-02-12 13:08:34,563 [main] com.caseys.base.BaseTest  - Selecting meat
INFO    2021-02-12 13:08:35,975 [main] com.caseys.base.BaseTest  - Selecting veggies
INFO    2021-02-12 13:08:36,285 [main] com.caseys.base.BaseTest  - Special Instruction provided
Allergen Information
Eggs
Soy
Wheat & Gluten
Milk
INFO    2021-02-12 13:08:36,339 [main] com.caseys.base.BaseTest  - Printed Allergen Info
INFO    2021-02-12 13:08:36,442 [main] com.caseys.base.BaseTest  - Clicking on Start Order
Select Pickup or
Delivery to start
INFO    2021-02-12 13:08:36,729 [main] com.caseys.base.BaseTest  - pickup selected
INFO    2021-02-12 13:08:37,025 [main] com.caseys.base.BaseTest  - Address entered
]]></system-out>
    <system-err><![CDATA[Starting ChromeDriver 88.0.4324.96 (68dba2d8a0b149a1d3afac56fa74648032bcf46b-refs/branch-heads/4324@{#1784}) on port 10131
Only local connections are allowed.
Please see https://chromedriver.chromium.org/security-considerations for suggestions on keeping ChromeDriver safe.
ChromeDriver was started successfully.
Feb 12, 2021 1:08:17 PM org.openqa.selenium.remote.ProtocolHandshake createSession
INFO: Detected dialect: W3C
]]></system-err>
  </testcase>
</testsuite>