<?xml version="1.0" encoding="UTF-8"?>
<!-- Generated by org.testng.reporters.JUnitReportReporter -->
<testsuite hostname="SUJAN-M" failures="0" tests="1" name="com.caseys.testCases.TC_003_SelectingQtyOfPizzaTest" time="7.530" errors="0" timestamp="2021-01-15T20:13:42 PST" skipped="0">
  <testcase classname="com.caseys.testCases.TC_003_SelectingQtyOfPizzaTest" name="selectingQtyOfPizzaTest" time="7.530"/>
  <system-out/>
</testsuite> <!-- com.caseys.testCases.TC_003_SelectingQtyOfPizzaTest -->
