<?xml version="1.0" encoding="UTF-8"?>
<!-- Generated by org.testng.reporters.JUnitReportReporter -->
<testsuite hostname="SUJAN-M" failures="0" tests="1" name="com.caseys.testCases.TC_00_CustomizePizza1Test" time="23.041" errors="0" timestamp="2021-01-15T19:35:43 PST" skipped="0">
  <testcase classname="com.caseys.testCases.TC_00_CustomizePizza1Test" name="creatingOwnPizzaTest" time="23.041"/>
  <system-out/>
</testsuite> <!-- com.caseys.testCases.TC_00_CustomizePizza1Test -->
