<?xml version="1.0" encoding="UTF-8"?>
<!-- Generated by org.testng.reporters.JUnitReportReporter -->
<testsuite hostname="SUJAN-M" failures="0" tests="1" name="com.caseys.testCases.TC_004_CustomizePizza1Test" time="26.695" errors="0" timestamp="2021-01-13T19:55:53 PST" skipped="0">
  <testcase classname="com.caseys.testCases.TC_004_CustomizePizza1Test" name="customizePizza1" time="26.695"/>
  <system-out/>
</testsuite> <!-- com.caseys.testCases.TC_004_CustomizePizza1Test -->
