<?xml version="1.0" encoding="UTF-8"?>
<!-- Generated by org.testng.reporters.JUnitReportReporter -->
<testsuite hostname="SUJAN-M" failures="0" tests="1" name="com.caseys.testCases.TC_003_CustomizePizza1Test" time="28.077" errors="0" timestamp="2021-01-15T14:33:43 PST" skipped="0">
  <testcase classname="com.caseys.testCases.TC_003_CustomizePizza1Test" name="creatingOwnPizzaTest" time="28.077"/>
  <system-out/>
</testsuite> <!-- com.caseys.testCases.TC_003_CustomizePizza1Test -->
