<?xml version="1.0" encoding="UTF-8"?>
<!-- Generated by org.testng.reporters.JUnitReportReporter -->
<testsuite hostname="SUJAN-M" failures="0" tests="1" name="com.caseys.testCases.TC_001_SelectingPizzaTest" time="1.556" errors="0" timestamp="2021-01-15T20:50:30 PST" skipped="0">
  <testcase classname="com.caseys.testCases.TC_001_SelectingPizzaTest" name="clickingonPizza" time="1.556"/>
  <system-out/>
</testsuite> <!-- com.caseys.testCases.TC_001_SelectingPizzaTest -->
