<?xml version="1.0" encoding="UTF-8"?>
<!-- Generated by org.testng.reporters.JUnitReportReporter -->
<testsuite hostname="SUJAN-M" failures="0" tests="1" name="com.caseys.testCases.TC_002_SelectingSingleToppingPizzaTest" time="4.288" errors="0" timestamp="2021-01-12T19:32:09 PST" skipped="0">
  <testcase classname="com.caseys.testCases.TC_002_SelectingSingleToppingPizzaTest" name="SelectionOfSingleTopPizza" time="4.288"/>
  <system-out/>
</testsuite> <!-- com.caseys.testCases.TC_002_SelectingSingleToppingPizzaTest -->
