<?xml version="1.0" encoding="UTF-8"?>
<!-- Generated by org.testng.reporters.JUnitReportReporter -->
<testsuite hostname="SUJAN-M" failures="0" tests="1" name="com.caseys.testCases.TC_003_SelectCreateOwnPizzaTest" time="4.192" errors="0" timestamp="2021-01-13T20:04:47 PST" skipped="0">
  <testcase classname="com.caseys.testCases.TC_003_SelectCreateOwnPizzaTest" name="clickingOnCreateYourOwnPizza" time="4.192"/>
  <system-out/>
</testsuite> <!-- com.caseys.testCases.TC_003_SelectCreateOwnPizzaTest -->
