<?xml version="1.0" encoding="UTF-8"?>
<!-- Generated by org.testng.reporters.JUnitReportReporter -->
<testsuite hostname="SUJAN-M" failures="0" tests="1" name="com.caseys.testCases.TC_012_OrderCustomizePizzaTest" time="14.158" errors="0" timestamp="2021-02-12T13:54:26 PST" skipped="0">
  <testcase classname="com.caseys.testCases.TC_012_OrderCustomizePizzaTest" name="orderCustomizePizzaTest" time="14.158"/>
  <system-out/>
</testsuite> <!-- com.caseys.testCases.TC_012_OrderCustomizePizzaTest -->
