<?xml version="1.0" encoding="UTF-8"?>
<!-- Generated by org.testng.reporters.JUnitReportReporter -->
<testsuite hostname="SUJAN-M" failures="0" tests="1" name="com.caseys.testCases.TC_006_SelectionOfSauceTest" time="7.184" errors="0" timestamp="2021-01-15T20:13:42 PST" skipped="0">
  <testcase classname="com.caseys.testCases.TC_006_SelectionOfSauceTest" name="selectionOfSauceTest" time="7.184"/>
  <system-out/>
</testsuite> <!-- com.caseys.testCases.TC_006_SelectionOfSauceTest -->
