<?xml version="1.0" encoding="UTF-8"?>
<!-- Generated by org.testng.reporters.JUnitReportReporter -->
<testsuite hostname="SUJAN-M" failures="0" tests="1" name="com.caseys.testCases.TC_001_SelectingPizzaTest" time="2.685" errors="0" timestamp="2021-02-12T13:08:48 PST" skipped="0">
  <testcase classname="com.caseys.testCases.TC_001_SelectingPizzaTest" name="clickingonPizza" time="2.685"/>
  <system-out/>
</testsuite> <!-- com.caseys.testCases.TC_001_SelectingPizzaTest -->
